{"level":"info","time":"2024-10-20T23:45:33.749+0800","caller":"middleware/logger.go:52","msg":"Logger initialized"}
{"level":"info","time":"2024-10-20T23:45:33.750+0800","caller":"api/main.go:37","msg":"服务器正在启动，监听端口 :3000"}
{"level":"info","time":"2024-10-20T23:45:46.844+0800","caller":"middleware/auth.go:49","msg":"authMode","authMode":"jwt"}
{"level":"info","time":"2024-10-20T23:45:46.845+0800","caller":"zap@v1.1.4/zap.go:117","msg":"/api/v1/user/me","status":401,"method":"GET","path":"/api/v1/user/me","query":"","ip":"::1","user-agent":"Apifox/1.0.0 (https://apifox.com)","latency":0.002402333,"time":"2024-10-20T15:45:46Z"}
{"level":"info","time":"2024-10-20T23:46:06.911+0800","caller":"zap@v1.1.4/zap.go:117","msg":"/api/v1/user/login","status":200,"method":"POST","path":"/api/v1/user/login","query":"","ip":"::1","user-agent":"Apifox/1.0.0 (https://apifox.com)","latency":0.337196584,"time":"2024-10-20T15:46:06Z"}
{"level":"info","time":"2024-10-20T23:48:23.613+0800","caller":"middleware/logger.go:52","msg":"Logger initialized"}
{"level":"info","time":"2024-10-20T23:48:23.635+0800","caller":"api/main.go:37","msg":"服务器正在启动，监听端口 :3000"}
{"level":"info","time":"2024-10-20T23:48:37.245+0800","caller":"service/user_login_service.go:36","msg":"authMode","authMode":"jwt"}
{"level":"info","time":"2024-10-20T23:48:37.263+0800","caller":"zap@v1.1.4/zap.go:117","msg":"/api/v1/user/login","status":200,"method":"POST","path":"/api/v1/user/login","query":"","ip":"::1","user-agent":"Apifox/1.0.0 (https://apifox.com)","latency":0.357741166,"time":"2024-10-20T15:48:37Z"}
{"level":"info","time":"2024-10-20T23:50:09.735+0800","caller":"service/user_login_service.go:36","msg":"authMode","authMode":"jwt"}
{"level":"info","time":"2024-10-20T23:50:09.755+0800","caller":"zap@v1.1.4/zap.go:117","msg":"/api/v1/user/login","status":200,"method":"POST","path":"/api/v1/user/login","query":"","ip":"::1","user-agent":"Apifox/1.0.0 (https://apifox.com)","latency":0.306543416,"time":"2024-10-20T15:50:09Z"}
{"level":"info","time":"2024-10-20T23:50:16.457+0800","caller":"middleware/auth.go:49","msg":"authMode","authMode":"jwt"}
{"level":"info","time":"2024-10-20T23:50:16.457+0800","caller":"zap@v1.1.4/zap.go:117","msg":"/api/v1/user/me","status":401,"method":"GET","path":"/api/v1/user/me","query":"","ip":"::1","user-agent":"Apifox/1.0.0 (https://apifox.com)","latency":0.000791125,"time":"2024-10-20T15:50:16Z"}
{"level":"info","time":"2024-10-20T23:50:33.743+0800","caller":"middleware/auth.go:49","msg":"authMode","authMode":"jwt"}
{"level":"info","time":"2024-10-20T23:50:33.744+0800","caller":"zap@v1.1.4/zap.go:117","msg":"/api/v1/user/me","status":200,"method":"GET","path":"/api/v1/user/me","query":"","ip":"::1","user-agent":"Apifox/1.0.0 (https://apifox.com)","latency":0.026487167,"time":"2024-10-20T15:50:33Z"}
{"level":"info","time":"2024-10-20T23:51:41.929+0800","caller":"middleware/logger.go:52","msg":"Logger initialized"}
{"level":"info","time":"2024-10-20T23:51:41.929+0800","caller":"middleware/session.go:12","msg":"session","secret":"your_session_secret_here"}
{"level":"info","time":"2024-10-20T23:51:41.930+0800","caller":"api/main.go:37","msg":"服务器正在启动，监听端口 :3000"}
{"level":"info","time":"2024-10-20T23:51:48.171+0800","caller":"zap@v1.1.4/zap.go:117","msg":"/api/v1/user/login","status":200,"method":"POST","path":"/api/v1/user/login","query":"","ip":"::1","user-agent":"Apifox/1.0.0 (https://apifox.com)","latency":0.313799125,"time":"2024-10-20T15:51:48Z"}
{"level":"info","time":"2024-10-20T23:51:56.480+0800","caller":"middleware/auth.go:49","msg":"authMode","authMode":"session"}
{"level":"info","time":"2024-10-20T23:51:56.482+0800","caller":"zap@v1.1.4/zap.go:117","msg":"/api/v1/user/me","status":200,"method":"GET","path":"/api/v1/user/me","query":"","ip":"::1","user-agent":"Apifox/1.0.0 (https://apifox.com)","latency":0.014816792,"time":"2024-10-20T15:51:56Z"}
{"level":"info","time":"2024-10-20T23:52:01.881+0800","caller":"middleware/auth.go:49","msg":"authMode","authMode":"session"}
{"level":"info","time":"2024-10-20T23:52:01.885+0800","caller":"zap@v1.1.4/zap.go:117","msg":"/api/v1/user/me","status":200,"method":"GET","path":"/api/v1/user/me","query":"","ip":"::1","user-agent":"Apifox/1.0.0 (https://apifox.com)","latency":0.006426292,"time":"2024-10-20T15:52:01Z"}
{"level":"info","time":"2024-10-20T23:52:22.153+0800","caller":"middleware/auth.go:49","msg":"authMode","authMode":"session"}
{"level":"info","time":"2024-10-20T23:52:22.154+0800","caller":"zap@v1.1.4/zap.go:117","msg":"/api/v1/user/me","status":401,"method":"GET","path":"/api/v1/user/me","query":"","ip":"::1","user-agent":"Apifox/1.0.0 (https://apifox.com)","latency":0.002238542,"time":"2024-10-20T15:52:22Z"}
{"level":"info","time":"2024-10-21T10:01:10.035+0800","caller":"middleware/logger.go:52","msg":"Logger initialized"}
{"level":"info","time":"2024-10-21T10:01:10.036+0800","caller":"middleware/session.go:12","msg":"session","secret":"your_session_secret_here"}
{"level":"info","time":"2024-10-21T10:01:10.036+0800","caller":"api/main.go:37","msg":"服务器正在启动"}
{"level":"info","time":"2024-10-21T10:01:21.787+0800","caller":"zap@v1.1.4/zap.go:117","msg":"/swagger/index.html","status":200,"method":"GET","path":"/swagger/index.html","query":"","ip":"::1","user-agent":"Mozilla/5.0 (Macintosh; Intel Mac OS X 10_15_7) AppleWebKit/537.36 (KHTML, like Gecko) Chrome/129.0.0.0 Safari/537.36","latency":0.000920416,"time":"2024-10-21T02:01:21Z"}
{"level":"info","time":"2024-10-21T10:01:21.845+0800","caller":"zap@v1.1.4/zap.go:117","msg":"/swagger/swagger-ui.css","status":200,"method":"GET","path":"/swagger/swagger-ui.css","query":"","ip":"::1","user-agent":"Mozilla/5.0 (Macintosh; Intel Mac OS X 10_15_7) AppleWebKit/537.36 (KHTML, like Gecko) Chrome/129.0.0.0 Safari/537.36","latency":0.016553334,"time":"2024-10-21T02:01:21Z"}
{"level":"info","time":"2024-10-21T10:01:21.847+0800","caller":"zap@v1.1.4/zap.go:117","msg":"/swagger/swagger-ui-standalone-preset.js","status":200,"method":"GET","path":"/swagger/swagger-ui-standalone-preset.js","query":"","ip":"::1","user-agent":"Mozilla/5.0 (Macintosh; Intel Mac OS X 10_15_7) AppleWebKit/537.36 (KHTML, like Gecko) Chrome/129.0.0.0 Safari/537.36","latency":0.012287125,"time":"2024-10-21T02:01:21Z"}
{"level":"info","time":"2024-10-21T10:01:21.848+0800","caller":"zap@v1.1.4/zap.go:117","msg":"/swagger/swagger-ui-bundle.js","status":200,"method":"GET","path":"/swagger/swagger-ui-bundle.js","query":"","ip":"::1","user-agent":"Mozilla/5.0 (Macintosh; Intel Mac OS X 10_15_7) AppleWebKit/537.36 (KHTML, like Gecko) Chrome/129.0.0.0 Safari/537.36","latency":0.017240542,"time":"2024-10-21T02:01:21Z"}
{"level":"info","time":"2024-10-21T10:01:22.246+0800","caller":"zap@v1.1.4/zap.go:117","msg":"/swagger/doc.json","status":500,"method":"GET","path":"/swagger/doc.json","query":"","ip":"::1","user-agent":"Mozilla/5.0 (Macintosh; Intel Mac OS X 10_15_7) AppleWebKit/537.36 (KHTML, like Gecko) Chrome/129.0.0.0 Safari/537.36","latency":0.00003225,"time":"2024-10-21T02:01:22Z"}
{"level":"info","time":"2024-10-21T10:01:38.385+0800","caller":"zap@v1.1.4/zap.go:117","msg":"/swagger/index.html","status":200,"method":"GET","path":"/swagger/index.html","query":"","ip":"::1","user-agent":"Mozilla/5.0 (Macintosh; Intel Mac OS X 10_15_7) AppleWebKit/537.36 (KHTML, like Gecko) Chrome/129.0.0.0 Safari/537.36","latency":0.000251833,"time":"2024-10-21T02:01:38Z"}
{"level":"info","time":"2024-10-21T10:01:38.405+0800","caller":"zap@v1.1.4/zap.go:117","msg":"/swagger/swagger-ui-standalone-preset.js","status":304,"method":"GET","path":"/swagger/swagger-ui-standalone-preset.js","query":"","ip":"::1","user-agent":"Mozilla/5.0 (Macintosh; Intel Mac OS X 10_15_7) AppleWebKit/537.36 (KHTML, like Gecko) Chrome/129.0.0.0 Safari/537.36","latency":0.000050083,"time":"2024-10-21T02:01:38Z"}
{"level":"info","time":"2024-10-21T10:01:38.405+0800","caller":"zap@v1.1.4/zap.go:117","msg":"/swagger/swagger-ui-bundle.js","status":304,"method":"GET","path":"/swagger/swagger-ui-bundle.js","query":"","ip":"::1","user-agent":"Mozilla/5.0 (Macintosh; Intel Mac OS X 10_15_7) AppleWebKit/537.36 (KHTML, like Gecko) Chrome/129.0.0.0 Safari/537.36","latency":0.000036875,"time":"2024-10-21T02:01:38Z"}
{"level":"info","time":"2024-10-21T10:01:38.405+0800","caller":"zap@v1.1.4/zap.go:117","msg":"/swagger/swagger-ui.css","status":304,"method":"GET","path":"/swagger/swagger-ui.css","query":"","ip":"::1","user-agent":"Mozilla/5.0 (Macintosh; Intel Mac OS X 10_15_7) AppleWebKit/537.36 (KHTML, like Gecko) Chrome/129.0.0.0 Safari/537.36","latency":0.000060417,"time":"2024-10-21T02:01:38Z"}
{"level":"info","time":"2024-10-21T10:01:38.564+0800","caller":"zap@v1.1.4/zap.go:117","msg":"/swagger/doc.json","status":500,"method":"GET","path":"/swagger/doc.json","query":"","ip":"::1","user-agent":"Mozilla/5.0 (Macintosh; Intel Mac OS X 10_15_7) AppleWebKit/537.36 (KHTML, like Gecko) Chrome/129.0.0.0 Safari/537.36","latency":0.000030417,"time":"2024-10-21T02:01:38Z"}
{"level":"info","time":"2024-10-21T10:01:38.573+0800","caller":"zap@v1.1.4/zap.go:117","msg":"/swagger/favicon-32x32.png","status":200,"method":"GET","path":"/swagger/favicon-32x32.png","query":"","ip":"::1","user-agent":"Mozilla/5.0 (Macintosh; Intel Mac OS X 10_15_7) AppleWebKit/537.36 (KHTML, like Gecko) Chrome/129.0.0.0 Safari/537.36","latency":0.000083167,"time":"2024-10-21T02:01:38Z"}
{"level":"info","time":"2024-10-21T10:01:48.483+0800","caller":"middleware/logger.go:52","msg":"Logger initialized"}
{"level":"info","time":"2024-10-21T10:01:48.484+0800","caller":"middleware/session.go:12","msg":"session","secret":"your_session_secret_here"}
{"level":"info","time":"2024-10-21T10:01:48.484+0800","caller":"api/main.go:37","msg":"服务器正在启动"}
{"level":"info","time":"2024-10-21T10:01:50.405+0800","caller":"zap@v1.1.4/zap.go:117","msg":"/swagger/index.html","status":200,"method":"GET","path":"/swagger/index.html","query":"","ip":"::1","user-agent":"Mozilla/5.0 (Macintosh; Intel Mac OS X 10_15_7) AppleWebKit/537.36 (KHTML, like Gecko) Chrome/129.0.0.0 Safari/537.36","latency":0.000636291,"time":"2024-10-21T02:01:50Z"}
{"level":"info","time":"2024-10-21T10:01:50.426+0800","caller":"zap@v1.1.4/zap.go:117","msg":"/swagger/swagger-ui.css","status":200,"method":"GET","path":"/swagger/swagger-ui.css","query":"","ip":"::1","user-agent":"Mozilla/5.0 (Macintosh; Intel Mac OS X 10_15_7) AppleWebKit/537.36 (KHTML, like Gecko) Chrome/129.0.0.0 Safari/537.36","latency":0.000611792,"time":"2024-10-21T02:01:50Z"}
{"level":"info","time":"2024-10-21T10:01:50.434+0800","caller":"zap@v1.1.4/zap.go:117","msg":"/swagger/swagger-ui-standalone-preset.js","status":200,"method":"GET","path":"/swagger/swagger-ui-standalone-preset.js","query":"","ip":"::1","user-agent":"Mozilla/5.0 (Macintosh; Intel Mac OS X 10_15_7) AppleWebKit/537.36 (KHTML, like Gecko) Chrome/129.0.0.0 Safari/537.36","latency":0.002605833,"time":"2024-10-21T02:01:50Z"}
{"level":"info","time":"2024-10-21T10:01:50.434+0800","caller":"zap@v1.1.4/zap.go:117","msg":"/swagger/swagger-ui-bundle.js","status":200,"method":"GET","path":"/swagger/swagger-ui-bundle.js","query":"","ip":"::1","user-agent":"Mozilla/5.0 (Macintosh; Intel Mac OS X 10_15_7) AppleWebKit/537.36 (KHTML, like Gecko) Chrome/129.0.0.0 Safari/537.36","latency":0.006197625,"time":"2024-10-21T02:01:50Z"}
{"level":"info","time":"2024-10-21T10:01:50.583+0800","caller":"zap@v1.1.4/zap.go:117","msg":"/swagger/doc.json","status":200,"method":"GET","path":"/swagger/doc.json","query":"","ip":"::1","user-agent":"Mozilla/5.0 (Macintosh; Intel Mac OS X 10_15_7) AppleWebKit/537.36 (KHTML, like Gecko) Chrome/129.0.0.0 Safari/537.36","latency":0.000322458,"time":"2024-10-21T02:01:50Z"}
{"level":"info","time":"2024-10-21T10:01:50.592+0800","caller":"zap@v1.1.4/zap.go:117","msg":"/swagger/favicon-32x32.png","status":200,"method":"GET","path":"/swagger/favicon-32x32.png","query":"","ip":"::1","user-agent":"Mozilla/5.0 (Macintosh; Intel Mac OS X 10_15_7) AppleWebKit/537.36 (KHTML, like Gecko) Chrome/129.0.0.0 Safari/537.36","latency":0.000049667,"time":"2024-10-21T02:01:50Z"}
{"level":"info","time":"2024-10-21T15:05:58.468+0800","caller":"middleware/logger.go:52","msg":"Logger initialized"}
{"level":"info","time":"2024-10-21T15:05:58.469+0800","caller":"middleware/session.go:12","msg":"session","secret":"your_session_secret_here"}
{"level":"info","time":"2024-10-21T15:05:58.469+0800","caller":"api/main.go:37","msg":"服务器正在启动"}
{"level":"info","time":"2024-10-21T15:06:37.545+0800","caller":"middleware/logger.go:52","msg":"Logger initialized"}
{"level":"info","time":"2024-10-21T15:06:37.545+0800","caller":"middleware/session.go:12","msg":"session","secret":"your_session_secret_here"}
{"level":"info","time":"2024-10-21T15:06:37.545+0800","caller":"api/main.go:37","msg":"服务器正在启动"}
{"level":"info","time":"2024-10-21T15:06:42.784+0800","caller":"zap@v1.1.4/zap.go:117","msg":"/api/v1/ping","status":200,"method":"POST","path":"/api/v1/ping","query":"","ip":"::1","user-agent":"Apifox/1.0.0 (https://apifox.com)","latency":0.001024083,"time":"2024-10-21T07:06:42Z"}
{"level":"info","time":"2024-10-21T15:07:48.524+0800","caller":"zap@v1.1.4/zap.go:117","msg":"/api/v1/ping","status":200,"method":"POST","path":"/api/v1/ping","query":"","ip":"::1","user-agent":"Apifox/1.0.0 (https://apifox.com)","latency":0.017904584,"time":"2024-10-21T07:07:48Z"}
{"level":"info","time":"2024-10-21T15:11:23.235+0800","caller":"middleware/logger.go:52","msg":"Logger initialized"}
{"level":"info","time":"2024-10-21T15:11:23.236+0800","caller":"middleware/session.go:12","msg":"session","secret":"your_session_secret_here"}
{"level":"info","time":"2024-10-21T15:11:23.236+0800","caller":"api/main.go:37","msg":"服务器正在启动"}
{"level":"info","time":"2024-10-21T15:11:25.681+0800","caller":"zap@v1.1.4/zap.go:117","msg":"/api/v1/ping","status":200,"method":"POST","path":"/api/v1/ping","query":"","ip":"::1","user-agent":"Apifox/1.0.0 (https://apifox.com)","latency":0.014925625,"time":"2024-10-21T07:11:25Z"}
{"level":"info","time":"2024-10-21T15:11:32.189+0800","caller":"zap@v1.1.4/zap.go:117","msg":"/api/v1/ping","status":200,"method":"POST","path":"/api/v1/ping","query":"","ip":"::1","user-agent":"Apifox/1.0.0 (https://apifox.com)","latency":0.00483925,"time":"2024-10-21T07:11:32Z"}
{"level":"info","time":"2024-10-21T15:11:33.283+0800","caller":"zap@v1.1.4/zap.go:117","msg":"/api/v1/ping","status":200,"method":"POST","path":"/api/v1/ping","query":"","ip":"::1","user-agent":"Apifox/1.0.0 (https://apifox.com)","latency":0.001690708,"time":"2024-10-21T07:11:33Z"}
{"level":"info","time":"2024-10-21T15:11:34.008+0800","caller":"zap@v1.1.4/zap.go:117","msg":"/api/v1/ping","status":200,"method":"POST","path":"/api/v1/ping","query":"","ip":"::1","user-agent":"Apifox/1.0.0 (https://apifox.com)","latency":0.00387,"time":"2024-10-21T07:11:34Z"}
{"level":"info","time":"2024-10-21T15:11:34.530+0800","caller":"zap@v1.1.4/zap.go:117","msg":"/api/v1/ping","status":200,"method":"POST","path":"/api/v1/ping","query":"","ip":"::1","user-agent":"Apifox/1.0.0 (https://apifox.com)","latency":0.001841292,"time":"2024-10-21T07:11:34Z"}
{"level":"info","time":"2024-10-21T15:11:35.814+0800","caller":"zap@v1.1.4/zap.go:117","msg":"/api/v1/ping","status":200,"method":"POST","path":"/api/v1/ping","query":"","ip":"::1","user-agent":"Apifox/1.0.0 (https://apifox.com)","latency":0.002234125,"time":"2024-10-21T07:11:35Z"}
{"level":"info","time":"2024-10-21T15:11:36.738+0800","caller":"zap@v1.1.4/zap.go:117","msg":"/api/v1/ping","status":200,"method":"POST","path":"/api/v1/ping","query":"","ip":"::1","user-agent":"Apifox/1.0.0 (https://apifox.com)","latency":0.002816375,"time":"2024-10-21T07:11:36Z"}
{"level":"info","time":"2024-10-21T15:12:38.868+0800","caller":"zap@v1.1.4/zap.go:117","msg":"/api/v1/user/login","status":200,"method":"POST","path":"/api/v1/user/login","query":"","ip":"::1","user-agent":"Apifox/1.0.0 (https://apifox.com)","latency":0.324600625,"time":"2024-10-21T07:12:38Z"}
{"level":"info","time":"2024-10-21T15:12:40.755+0800","caller":"zap@v1.1.4/zap.go:117","msg":"/api/v1/user/login","status":200,"method":"POST","path":"/api/v1/user/login","query":"","ip":"::1","user-agent":"Apifox/1.0.0 (https://apifox.com)","latency":0.288699958,"time":"2024-10-21T07:12:40Z"}
{"level":"info","time":"2024-10-21T15:12:45.972+0800","caller":"zap@v1.1.4/zap.go:117","msg":"/api/v1/user/login","status":200,"method":"POST","path":"/api/v1/user/login","query":"","ip":"::1","user-agent":"Apifox/1.0.0 (https://apifox.com)","latency":0.295001834,"time":"2024-10-21T07:12:45Z"}
{"level":"info","time":"2024-10-21T16:50:23.165+0800","caller":"middleware/auth.go:49","msg":"authMode","authMode":"session"}
{"level":"info","time":"2024-10-21T16:50:23.169+0800","caller":"zap@v1.1.4/zap.go:117","msg":"/api/v1/user/me","status":200,"method":"GET","path":"/api/v1/user/me","query":"","ip":"::1","user-agent":"Apifox/1.0.0 (https://apifox.com)","latency":0.173634667,"time":"2024-10-21T08:50:23Z"}
{"level":"info","time":"2024-10-21T16:50:57.738+0800","caller":"middleware/auth.go:49","msg":"authMode","authMode":"session"}
{"level":"info","time":"2024-10-21T16:50:57.739+0800","caller":"zap@v1.1.4/zap.go:117","msg":"/api/v1/user/me","status":200,"method":"GET","path":"/api/v1/user/me","query":"","ip":"::1","user-agent":"Apifox/1.0.0 (https://apifox.com)","latency":0.006160875,"time":"2024-10-21T08:50:57Z"}
{"level":"info","time":"2024-10-21T21:45:50.574+0800","caller":"middleware/logger.go:52","msg":"Logger initialized"}
{"level":"info","time":"2024-10-21T21:45:50.575+0800","caller":"middleware/session.go:12","msg":"session","secret":"your_session_secret_here"}
{"level":"info","time":"2024-10-21T21:45:50.575+0800","caller":"api/main.go:37","msg":"服务器正在启动"}
{"level":"info","time":"2024-10-21T21:45:57.688+0800","caller":"middleware/auth.go:49","msg":"authMode","authMode":"session"}
{"level":"info","time":"2024-10-21T21:45:57.690+0800","caller":"zap@v1.1.4/zap.go:117","msg":"/api/v1/user/me","status":200,"method":"GET","path":"/api/v1/user/me","query":"","ip":"::1","user-agent":"Apifox/1.0.0 (https://apifox.com)","latency":0.019287958,"time":"2024-10-21T13:45:57Z"}
{"level":"info","time":"2024-10-21T21:46:17.140+0800","caller":"zap@v1.1.4/zap.go:117","msg":"/api/v1/ping","status":200,"method":"POST","path":"/api/v1/ping","query":"","ip":"::1","user-agent":"Apifox/1.0.0 (https://apifox.com)","latency":0.004892042,"time":"2024-10-21T13:46:17Z"}
{"level":"info","time":"2024-10-21T21:46:20.434+0800","caller":"zap@v1.1.4/zap.go:117","msg":"/api/v1/ping","status":200,"method":"POST","path":"/api/v1/ping","query":"","ip":"::1","user-agent":"Apifox/1.0.0 (https://apifox.com)","latency":0.003935833,"time":"2024-10-21T13:46:20Z"}
{"level":"info","time":"2024-10-21T21:47:34.690+0800","caller":"middleware/logger.go:52","msg":"Logger initialized"}
{"level":"info","time":"2024-10-21T21:47:34.690+0800","caller":"middleware/session.go:12","msg":"session","secret":"your_session_secret_here"}
{"level":"info","time":"2024-10-21T21:47:34.690+0800","caller":"api/main.go:33","msg":"服务器正在启动"}
{"level":"info","time":"2024-10-21T21:48:05.061+0800","caller":"middleware/logger.go:52","msg":"Logger initialized"}
{"level":"info","time":"2024-10-21T21:48:05.062+0800","caller":"middleware/session.go:12","msg":"session","secret":"your_session_secret_here"}
{"level":"info","time":"2024-10-21T21:48:05.062+0800","caller":"api/main.go:33","msg":"服务器正在启动"}
{"level":"info","time":"2024-10-21T21:48:36.070+0800","caller":"middleware/logger.go:52","msg":"Logger initialized"}
{"level":"info","time":"2024-10-21T21:48:36.071+0800","caller":"middleware/session.go:12","msg":"session","secret":"your_session_secret_here"}
{"level":"info","time":"2024-10-21T21:48:36.071+0800","caller":"api/main.go:33","msg":"服务器正在启动"}
{"level":"info","time":"2024-10-21T21:50:16.479+0800","caller":"middleware/logger.go:52","msg":"Logger initialized"}
{"level":"info","time":"2024-10-21T21:50:16.479+0800","caller":"middleware/session.go:12","msg":"session","secret":"your_session_secret_here"}
{"level":"info","time":"2024-10-21T21:50:16.480+0800","caller":"api/main.go:34","msg":"服务器正在启动"}
{"level":"info","time":"2024-10-21T21:51:23.443+0800","caller":"middleware/logger.go:52","msg":"Logger initialized"}
{"level":"info","time":"2024-10-21T21:51:23.444+0800","caller":"middleware/session.go:12","msg":"session","secret":"your_session_secret_here"}
{"level":"info","time":"2024-10-21T21:51:23.444+0800","caller":"api/main.go:34","msg":"服务器正在启动"}
{"level":"info","time":"2024-10-21T22:22:46.928+0800","caller":"middleware/logger.go:52","msg":"Logger initialized"}
{"level":"info","time":"2024-10-21T22:22:46.930+0800","caller":"middleware/session.go:12","msg":"session","secret":"your_session_secret_here"}
{"level":"info","time":"2024-10-21T22:22:46.930+0800","caller":"api/main.go:34","msg":"服务器正在启动"}
{"level":"info","time":"2024-10-21T22:22:53.263+0800","caller":"zap@v1.1.4/zap.go:117","msg":"/api/v1/ping","status":200,"method":"POST","path":"/api/v1/ping","query":"","ip":"::1","user-agent":"Apifox/1.0.0 (https://apifox.com)","latency":0.015740666,"time":"2024-10-21T14:22:53Z"}
{"level":"info","time":"2024-10-21T22:22:55.304+0800","caller":"zap@v1.1.4/zap.go:117","msg":"/api/v1/ping","status":200,"method":"POST","path":"/api/v1/ping","query":"","ip":"::1","user-agent":"Apifox/1.0.0 (https://apifox.com)","latency":0.007216417,"time":"2024-10-21T14:22:55Z"}
{"level":"info","time":"2024-10-21T22:22:56.300+0800","caller":"zap@v1.1.4/zap.go:117","msg":"/api/v1/ping","status":200,"method":"POST","path":"/api/v1/ping","query":"","ip":"::1","user-agent":"Apifox/1.0.0 (https://apifox.com)","latency":0.004438958,"time":"2024-10-21T14:22:56Z"}
{"level":"info","time":"2024-10-21T22:22:57.042+0800","caller":"zap@v1.1.4/zap.go:117","msg":"/api/v1/ping","status":200,"method":"POST","path":"/api/v1/ping","query":"","ip":"::1","user-agent":"Apifox/1.0.0 (https://apifox.com)","latency":0.002424667,"time":"2024-10-21T14:22:57Z"}
{"level":"info","time":"2024-10-21T22:22:57.867+0800","caller":"zap@v1.1.4/zap.go:117","msg":"/api/v1/ping","status":200,"method":"POST","path":"/api/v1/ping","query":"","ip":"::1","user-agent":"Apifox/1.0.0 (https://apifox.com)","latency":0.003228084,"time":"2024-10-21T14:22:57Z"}
{"level":"info","time":"2024-10-21T22:22:58.660+0800","caller":"zap@v1.1.4/zap.go:117","msg":"/api/v1/ping","status":200,"method":"POST","path":"/api/v1/ping","query":"","ip":"::1","user-agent":"Apifox/1.0.0 (https://apifox.com)","latency":0.0024835,"time":"2024-10-21T14:22:58Z"}
{"level":"info","time":"2024-10-21T22:22:59.329+0800","caller":"zap@v1.1.4/zap.go:117","msg":"/api/v1/ping","status":200,"method":"POST","path":"/api/v1/ping","query":"","ip":"::1","user-agent":"Apifox/1.0.0 (https://apifox.com)","latency":0.003667542,"time":"2024-10-21T14:22:59Z"}
{"level":"info","time":"2024-10-21T22:23:00.073+0800","caller":"zap@v1.1.4/zap.go:117","msg":"/api/v1/ping","status":200,"method":"POST","path":"/api/v1/ping","query":"","ip":"::1","user-agent":"Apifox/1.0.0 (https://apifox.com)","latency":0.002822917,"time":"2024-10-21T14:23:00Z"}
{"level":"info","time":"2024-10-21T22:23:00.881+0800","caller":"zap@v1.1.4/zap.go:117","msg":"/api/v1/ping","status":200,"method":"POST","path":"/api/v1/ping","query":"","ip":"::1","user-agent":"Apifox/1.0.0 (https://apifox.com)","latency":0.003733583,"time":"2024-10-21T14:23:00Z"}
{"level":"info","time":"2024-10-21T22:23:01.549+0800","caller":"zap@v1.1.4/zap.go:117","msg":"/api/v1/ping","status":200,"method":"POST","path":"/api/v1/ping","query":"","ip":"::1","user-agent":"Apifox/1.0.0 (https://apifox.com)","latency":0.004438375,"time":"2024-10-21T14:23:01Z"}
{"level":"info","time":"2024-10-21T22:23:02.372+0800","caller":"zap@v1.1.4/zap.go:117","msg":"/api/v1/ping","status":429,"method":"POST","path":"/api/v1/ping","query":"","ip":"::1","user-agent":"Apifox/1.0.0 (https://apifox.com)","latency":0.000769,"time":"2024-10-21T14:23:02Z"}
{"level":"info","time":"2024-10-21T22:23:03.066+0800","caller":"zap@v1.1.4/zap.go:117","msg":"/api/v1/ping","status":429,"method":"POST","path":"/api/v1/ping","query":"","ip":"::1","user-agent":"Apifox/1.0.0 (https://apifox.com)","latency":0.00112775,"time":"2024-10-21T14:23:03Z"}
{"level":"info","time":"2024-10-21T22:23:03.995+0800","caller":"zap@v1.1.4/zap.go:117","msg":"/api/v1/ping","status":429,"method":"POST","path":"/api/v1/ping","query":"","ip":"::1","user-agent":"Apifox/1.0.0 (https://apifox.com)","latency":0.001221,"time":"2024-10-21T14:23:03Z"}
{"level":"info","time":"2024-10-21T22:23:05.118+0800","caller":"zap@v1.1.4/zap.go:117","msg":"/api/v1/ping","status":429,"method":"POST","path":"/api/v1/ping","query":"","ip":"::1","user-agent":"Apifox/1.0.0 (https://apifox.com)","latency":0.00104275,"time":"2024-10-21T14:23:05Z"}
{"level":"info","time":"2024-10-21T22:33:50.138+0800","caller":"zap@v1.1.4/zap.go:117","msg":"/api/v1/ping","status":429,"method":"POST","path":"/api/v1/ping","query":"","ip":"::1","user-agent":"Apifox/1.0.0 (https://apifox.com)","latency":0.013524917,"time":"2024-10-21T14:33:50Z"}
{"level":"info","time":"2024-10-21T22:33:59.643+0800","caller":"middleware/logger.go:52","msg":"Logger initialized"}
{"level":"info","time":"2024-10-21T22:33:59.643+0800","caller":"middleware/session.go:12","msg":"session","secret":"your_session_secret_here"}
{"level":"info","time":"2024-10-21T22:33:59.643+0800","caller":"api/main.go:34","msg":"服务器正在启动"}
{"level":"info","time":"2024-10-21T22:34:08.765+0800","caller":"zap@v1.1.4/zap.go:117","msg":"/api/v1/ping","status":200,"method":"POST","path":"/api/v1/ping","query":"","ip":"::1","user-agent":"Apifox/1.0.0 (https://apifox.com)","latency":0.012071417,"time":"2024-10-21T14:34:08Z"}
{"level":"info","time":"2024-10-21T22:34:10.217+0800","caller":"zap@v1.1.4/zap.go:117","msg":"/api/v1/ping","status":200,"method":"POST","path":"/api/v1/ping","query":"","ip":"::1","user-agent":"Apifox/1.0.0 (https://apifox.com)","latency":0.006667334,"time":"2024-10-21T14:34:10Z"}
{"level":"info","time":"2024-10-21T22:34:11.141+0800","caller":"zap@v1.1.4/zap.go:117","msg":"/api/v1/ping","status":200,"method":"POST","path":"/api/v1/ping","query":"","ip":"::1","user-agent":"Apifox/1.0.0 (https://apifox.com)","latency":0.002311209,"time":"2024-10-21T14:34:11Z"}
{"level":"info","time":"2024-10-21T22:34:11.827+0800","caller":"zap@v1.1.4/zap.go:117","msg":"/api/v1/ping","status":200,"method":"POST","path":"/api/v1/ping","query":"","ip":"::1","user-agent":"Apifox/1.0.0 (https://apifox.com)","latency":0.004344542,"time":"2024-10-21T14:34:11Z"}
{"level":"info","time":"2024-10-21T22:34:12.553+0800","caller":"zap@v1.1.4/zap.go:117","msg":"/api/v1/ping","status":200,"method":"POST","path":"/api/v1/ping","query":"","ip":"::1","user-agent":"Apifox/1.0.0 (https://apifox.com)","latency":0.004449583,"time":"2024-10-21T14:34:12Z"}
{"level":"info","time":"2024-10-21T22:34:13.331+0800","caller":"zap@v1.1.4/zap.go:117","msg":"/api/v1/ping","status":200,"method":"POST","path":"/api/v1/ping","query":"","ip":"::1","user-agent":"Apifox/1.0.0 (https://apifox.com)","latency":0.003961084,"time":"2024-10-21T14:34:13Z"}
{"level":"info","time":"2024-10-21T22:34:19.830+0800","caller":"zap@v1.1.4/zap.go:117","msg":"/api/v1/ping","status":200,"method":"POST","path":"/api/v1/ping","query":"","ip":"::1","user-agent":"Apifox/1.0.0 (https://apifox.com)","latency":0.002426708,"time":"2024-10-21T14:34:19Z"}
{"level":"info","time":"2024-10-21T22:34:20.195+0800","caller":"zap@v1.1.4/zap.go:117","msg":"/api/v1/ping","status":200,"method":"POST","path":"/api/v1/ping","query":"","ip":"::1","user-agent":"Apifox/1.0.0 (https://apifox.com)","latency":0.003465958,"time":"2024-10-21T14:34:20Z"}
{"level":"info","time":"2024-10-21T22:34:20.605+0800","caller":"zap@v1.1.4/zap.go:117","msg":"/api/v1/ping","status":200,"method":"POST","path":"/api/v1/ping","query":"","ip":"::1","user-agent":"Apifox/1.0.0 (https://apifox.com)","latency":0.002988917,"time":"2024-10-21T14:34:20Z"}
{"level":"info","time":"2024-10-21T22:34:20.945+0800","caller":"zap@v1.1.4/zap.go:117","msg":"/api/v1/ping","status":200,"method":"POST","path":"/api/v1/ping","query":"","ip":"::1","user-agent":"Apifox/1.0.0 (https://apifox.com)","latency":0.002449708,"time":"2024-10-21T14:34:20Z"}
{"level":"info","time":"2024-10-21T22:34:21.298+0800","caller":"zap@v1.1.4/zap.go:117","msg":"/api/v1/ping","status":200,"method":"POST","path":"/api/v1/ping","query":"","ip":"::1","user-agent":"Apifox/1.0.0 (https://apifox.com)","latency":0.003241,"time":"2024-10-21T14:34:21Z"}
{"level":"info","time":"2024-10-21T22:34:21.721+0800","caller":"zap@v1.1.4/zap.go:117","msg":"/api/v1/ping","status":200,"method":"POST","path":"/api/v1/ping","query":"","ip":"::1","user-agent":"Apifox/1.0.0 (https://apifox.com)","latency":0.003760167,"time":"2024-10-21T14:34:21Z"}
{"level":"info","time":"2024-10-21T22:34:22.099+0800","caller":"zap@v1.1.4/zap.go:117","msg":"/api/v1/ping","status":200,"method":"POST","path":"/api/v1/ping","query":"","ip":"::1","user-agent":"Apifox/1.0.0 (https://apifox.com)","latency":0.002420708,"time":"2024-10-21T14:34:22Z"}
{"level":"info","time":"2024-10-21T22:34:22.571+0800","caller":"zap@v1.1.4/zap.go:117","msg":"/api/v1/ping","status":200,"method":"POST","path":"/api/v1/ping","query":"","ip":"::1","user-agent":"Apifox/1.0.0 (https://apifox.com)","latency":0.003080667,"time":"2024-10-21T14:34:22Z"}
{"level":"info","time":"2024-10-21T22:34:22.965+0800","caller":"zap@v1.1.4/zap.go:117","msg":"/api/v1/ping","status":200,"method":"POST","path":"/api/v1/ping","query":"","ip":"::1","user-agent":"Apifox/1.0.0 (https://apifox.com)","latency":0.002242542,"time":"2024-10-21T14:34:22Z"}
{"level":"info","time":"2024-10-21T22:34:23.264+0800","caller":"zap@v1.1.4/zap.go:117","msg":"/api/v1/ping","status":200,"method":"POST","path":"/api/v1/ping","query":"","ip":"::1","user-agent":"Apifox/1.0.0 (https://apifox.com)","latency":0.002791583,"time":"2024-10-21T14:34:23Z"}
{"level":"info","time":"2024-10-21T22:34:23.669+0800","caller":"zap@v1.1.4/zap.go:117","msg":"/api/v1/ping","status":200,"method":"POST","path":"/api/v1/ping","query":"","ip":"::1","user-agent":"Apifox/1.0.0 (https://apifox.com)","latency":0.00469725,"time":"2024-10-21T14:34:23Z"}
{"level":"info","time":"2024-10-21T22:34:24.041+0800","caller":"zap@v1.1.4/zap.go:117","msg":"/api/v1/ping","status":200,"method":"POST","path":"/api/v1/ping","query":"","ip":"::1","user-agent":"Apifox/1.0.0 (https://apifox.com)","latency":0.002797958,"time":"2024-10-21T14:34:24Z"}
{"level":"info","time":"2024-10-21T22:34:24.416+0800","caller":"zap@v1.1.4/zap.go:117","msg":"/api/v1/ping","status":200,"method":"POST","path":"/api/v1/ping","query":"","ip":"::1","user-agent":"Apifox/1.0.0 (https://apifox.com)","latency":0.003404167,"time":"2024-10-21T14:34:24Z"}
{"level":"info","time":"2024-10-21T22:34:24.765+0800","caller":"zap@v1.1.4/zap.go:117","msg":"/api/v1/ping","status":200,"method":"POST","path":"/api/v1/ping","query":"","ip":"::1","user-agent":"Apifox/1.0.0 (https://apifox.com)","latency":0.002193625,"time":"2024-10-21T14:34:24Z"}
{"level":"info","time":"2024-10-21T22:34:25.120+0800","caller":"zap@v1.1.4/zap.go:117","msg":"/api/v1/ping","status":200,"method":"POST","path":"/api/v1/ping","query":"","ip":"::1","user-agent":"Apifox/1.0.0 (https://apifox.com)","latency":0.003047292,"time":"2024-10-21T14:34:25Z"}
{"level":"info","time":"2024-10-21T22:34:25.487+0800","caller":"zap@v1.1.4/zap.go:117","msg":"/api/v1/ping","status":200,"method":"POST","path":"/api/v1/ping","query":"","ip":"::1","user-agent":"Apifox/1.0.0 (https://apifox.com)","latency":0.002978875,"time":"2024-10-21T14:34:25Z"}
{"level":"info","time":"2024-10-21T22:34:25.849+0800","caller":"zap@v1.1.4/zap.go:117","msg":"/api/v1/ping","status":200,"method":"POST","path":"/api/v1/ping","query":"","ip":"::1","user-agent":"Apifox/1.0.0 (https://apifox.com)","latency":0.002376209,"time":"2024-10-21T14:34:25Z"}
{"level":"info","time":"2024-10-21T22:34:26.215+0800","caller":"zap@v1.1.4/zap.go:117","msg":"/api/v1/ping","status":200,"method":"POST","path":"/api/v1/ping","query":"","ip":"::1","user-agent":"Apifox/1.0.0 (https://apifox.com)","latency":0.004000667,"time":"2024-10-21T14:34:26Z"}
{"level":"info","time":"2024-10-21T22:34:26.594+0800","caller":"zap@v1.1.4/zap.go:117","msg":"/api/v1/ping","status":200,"method":"POST","path":"/api/v1/ping","query":"","ip":"::1","user-agent":"Apifox/1.0.0 (https://apifox.com)","latency":0.003817625,"time":"2024-10-21T14:34:26Z"}
{"level":"info","time":"2024-10-21T22:34:26.972+0800","caller":"zap@v1.1.4/zap.go:117","msg":"/api/v1/ping","status":200,"method":"POST","path":"/api/v1/ping","query":"","ip":"::1","user-agent":"Apifox/1.0.0 (https://apifox.com)","latency":0.003027917,"time":"2024-10-21T14:34:26Z"}
{"level":"info","time":"2024-10-21T22:34:27.372+0800","caller":"zap@v1.1.4/zap.go:117","msg":"/api/v1/ping","status":200,"method":"POST","path":"/api/v1/ping","query":"","ip":"::1","user-agent":"Apifox/1.0.0 (https://apifox.com)","latency":0.002562334,"time":"2024-10-21T14:34:27Z"}
{"level":"info","time":"2024-10-21T22:34:27.696+0800","caller":"zap@v1.1.4/zap.go:117","msg":"/api/v1/ping","status":200,"method":"POST","path":"/api/v1/ping","query":"","ip":"::1","user-agent":"Apifox/1.0.0 (https://apifox.com)","latency":0.003339958,"time":"2024-10-21T14:34:27Z"}
{"level":"info","time":"2024-10-21T22:34:28.096+0800","caller":"zap@v1.1.4/zap.go:117","msg":"/api/v1/ping","status":200,"method":"POST","path":"/api/v1/ping","query":"","ip":"::1","user-agent":"Apifox/1.0.0 (https://apifox.com)","latency":0.004083667,"time":"2024-10-21T14:34:28Z"}
{"level":"info","time":"2024-10-21T22:34:28.471+0800","caller":"zap@v1.1.4/zap.go:117","msg":"/api/v1/ping","status":200,"method":"POST","path":"/api/v1/ping","query":"","ip":"::1","user-agent":"Apifox/1.0.0 (https://apifox.com)","latency":0.0036995,"time":"2024-10-21T14:34:28Z"}
{"level":"info","time":"2024-10-21T22:34:28.864+0800","caller":"zap@v1.1.4/zap.go:117","msg":"/api/v1/ping","status":200,"method":"POST","path":"/api/v1/ping","query":"","ip":"::1","user-agent":"Apifox/1.0.0 (https://apifox.com)","latency":0.002094417,"time":"2024-10-21T14:34:28Z"}
{"level":"info","time":"2024-10-21T22:34:29.198+0800","caller":"zap@v1.1.4/zap.go:117","msg":"/api/v1/ping","status":200,"method":"POST","path":"/api/v1/ping","query":"","ip":"::1","user-agent":"Apifox/1.0.0 (https://apifox.com)","latency":0.003366375,"time":"2024-10-21T14:34:29Z"}
{"level":"info","time":"2024-10-21T22:34:29.575+0800","caller":"zap@v1.1.4/zap.go:117","msg":"/api/v1/ping","status":200,"method":"POST","path":"/api/v1/ping","query":"","ip":"::1","user-agent":"Apifox/1.0.0 (https://apifox.com)","latency":0.003483958,"time":"2024-10-21T14:34:29Z"}
{"level":"info","time":"2024-10-21T22:34:29.915+0800","caller":"zap@v1.1.4/zap.go:117","msg":"/api/v1/ping","status":200,"method":"POST","path":"/api/v1/ping","query":"","ip":"::1","user-agent":"Apifox/1.0.0 (https://apifox.com)","latency":0.003863958,"time":"2024-10-21T14:34:29Z"}
{"level":"info","time":"2024-10-21T22:34:30.272+0800","caller":"zap@v1.1.4/zap.go:117","msg":"/api/v1/ping","status":200,"method":"POST","path":"/api/v1/ping","query":"","ip":"::1","user-agent":"Apifox/1.0.0 (https://apifox.com)","latency":0.0029565,"time":"2024-10-21T14:34:30Z"}
{"level":"info","time":"2024-10-21T22:34:30.694+0800","caller":"zap@v1.1.4/zap.go:117","msg":"/api/v1/ping","status":200,"method":"POST","path":"/api/v1/ping","query":"","ip":"::1","user-agent":"Apifox/1.0.0 (https://apifox.com)","latency":0.002424083,"time":"2024-10-21T14:34:30Z"}
{"level":"info","time":"2024-10-21T22:34:31.002+0800","caller":"zap@v1.1.4/zap.go:117","msg":"/api/v1/ping","status":200,"method":"POST","path":"/api/v1/ping","query":"","ip":"::1","user-agent":"Apifox/1.0.0 (https://apifox.com)","latency":0.0032195,"time":"2024-10-21T14:34:31Z"}
{"level":"info","time":"2024-10-21T22:34:31.376+0800","caller":"zap@v1.1.4/zap.go:117","msg":"/api/v1/ping","status":200,"method":"POST","path":"/api/v1/ping","query":"","ip":"::1","user-agent":"Apifox/1.0.0 (https://apifox.com)","latency":0.003685458,"time":"2024-10-21T14:34:31Z"}
{"level":"info","time":"2024-10-21T22:34:31.758+0800","caller":"zap@v1.1.4/zap.go:117","msg":"/api/v1/ping","status":200,"method":"POST","path":"/api/v1/ping","query":"","ip":"::1","user-agent":"Apifox/1.0.0 (https://apifox.com)","latency":0.0035185,"time":"2024-10-21T14:34:31Z"}
{"level":"info","time":"2024-10-21T22:34:32.124+0800","caller":"zap@v1.1.4/zap.go:117","msg":"/api/v1/ping","status":200,"method":"POST","path":"/api/v1/ping","query":"","ip":"::1","user-agent":"Apifox/1.0.0 (https://apifox.com)","latency":0.002223042,"time":"2024-10-21T14:34:32Z"}
{"level":"info","time":"2024-10-21T22:34:32.477+0800","caller":"zap@v1.1.4/zap.go:117","msg":"/api/v1/ping","status":200,"method":"POST","path":"/api/v1/ping","query":"","ip":"::1","user-agent":"Apifox/1.0.0 (https://apifox.com)","latency":0.003877041,"time":"2024-10-21T14:34:32Z"}
{"level":"info","time":"2024-10-21T22:34:32.927+0800","caller":"zap@v1.1.4/zap.go:117","msg":"/api/v1/ping","status":200,"method":"POST","path":"/api/v1/ping","query":"","ip":"::1","user-agent":"Apifox/1.0.0 (https://apifox.com)","latency":0.002374875,"time":"2024-10-21T14:34:32Z"}
{"level":"info","time":"2024-10-21T22:34:33.224+0800","caller":"zap@v1.1.4/zap.go:117","msg":"/api/v1/ping","status":200,"method":"POST","path":"/api/v1/ping","query":"","ip":"::1","user-agent":"Apifox/1.0.0 (https://apifox.com)","latency":0.002734583,"time":"2024-10-21T14:34:33Z"}
{"level":"info","time":"2024-10-21T22:34:33.597+0800","caller":"zap@v1.1.4/zap.go:117","msg":"/api/v1/ping","status":200,"method":"POST","path":"/api/v1/ping","query":"","ip":"::1","user-agent":"Apifox/1.0.0 (https://apifox.com)","latency":0.004188709,"time":"2024-10-21T14:34:33Z"}
{"level":"info","time":"2024-10-21T22:34:33.970+0800","caller":"zap@v1.1.4/zap.go:117","msg":"/api/v1/ping","status":200,"method":"POST","path":"/api/v1/ping","query":"","ip":"::1","user-agent":"Apifox/1.0.0 (https://apifox.com)","latency":0.004055667,"time":"2024-10-21T14:34:33Z"}
{"level":"info","time":"2024-10-21T22:34:34.314+0800","caller":"zap@v1.1.4/zap.go:117","msg":"/api/v1/ping","status":200,"method":"POST","path":"/api/v1/ping","query":"","ip":"::1","user-agent":"Apifox/1.0.0 (https://apifox.com)","latency":0.003055792,"time":"2024-10-21T14:34:34Z"}
{"level":"info","time":"2024-10-21T22:34:53.322+0800","caller":"middleware/logger.go:52","msg":"Logger initialized"}
{"level":"info","time":"2024-10-21T22:34:53.324+0800","caller":"middleware/session.go:12","msg":"session","secret":"your_session_secret_here"}
{"level":"info","time":"2024-10-21T22:34:53.324+0800","caller":"api/main.go:34","msg":"服务器正在启动"}
{"level":"info","time":"2024-10-21T22:34:57.150+0800","caller":"zap@v1.1.4/zap.go:117","msg":"/api/v1/ping","status":429,"method":"POST","path":"/api/v1/ping","query":"","ip":"::1","user-agent":"Apifox/1.0.0 (https://apifox.com)","latency":0.003739667,"time":"2024-10-21T14:34:57Z"}
{"level":"info","time":"2024-10-21T22:34:57.993+0800","caller":"zap@v1.1.4/zap.go:117","msg":"/api/v1/ping","status":429,"method":"POST","path":"/api/v1/ping","query":"","ip":"::1","user-agent":"Apifox/1.0.0 (https://apifox.com)","latency":0.00115025,"time":"2024-10-21T14:34:57Z"}
{"level":"info","time":"2024-10-21T22:34:58.627+0800","caller":"zap@v1.1.4/zap.go:117","msg":"/api/v1/ping","status":429,"method":"POST","path":"/api/v1/ping","query":"","ip":"::1","user-agent":"Apifox/1.0.0 (https://apifox.com)","latency":0.001609166,"time":"2024-10-21T14:34:58Z"}
{"level":"info","time":"2024-10-21T22:35:29.557+0800","caller":"middleware/logger.go:52","msg":"Logger initialized"}
{"level":"info","time":"2024-10-21T22:35:29.558+0800","caller":"middleware/session.go:12","msg":"session","secret":"your_session_secret_here"}
{"level":"info","time":"2024-10-21T22:35:29.558+0800","caller":"api/main.go:34","msg":"服务器正在启动"}
{"level":"info","time":"2024-10-21T22:35:32.565+0800","caller":"zap@v1.1.4/zap.go:117","msg":"/api/v1/ping","status":429,"method":"POST","path":"/api/v1/ping","query":"","ip":"::1","user-agent":"Apifox/1.0.0 (https://apifox.com)","latency":0.004253417,"time":"2024-10-21T14:35:32Z"}
{"level":"info","time":"2024-10-21T22:35:33.692+0800","caller":"zap@v1.1.4/zap.go:117","msg":"/api/v1/ping","status":429,"method":"POST","path":"/api/v1/ping","query":"","ip":"::1","user-agent":"Apifox/1.0.0 (https://apifox.com)","latency":0.002261208,"time":"2024-10-21T14:35:33Z"}
{"level":"info","time":"2024-10-21T22:36:45.157+0800","caller":"middleware/logger.go:52","msg":"Logger initialized"}
{"level":"info","time":"2024-10-21T22:36:45.158+0800","caller":"middleware/session.go:12","msg":"session","secret":"your_session_secret_here"}
{"level":"info","time":"2024-10-21T22:36:45.159+0800","caller":"api/main.go:34","msg":"服务器正在启动"}
{"level":"info","time":"2024-10-21T22:36:47.175+0800","caller":"zap@v1.1.4/zap.go:117","msg":"/api/v1/ping","status":429,"method":"POST","path":"/api/v1/ping","query":"","ip":"::1","user-agent":"Apifox/1.0.0 (https://apifox.com)","latency":0.0026145,"time":"2024-10-21T14:36:47Z"}
{"level":"info","time":"2024-10-21T22:36:48.480+0800","caller":"zap@v1.1.4/zap.go:117","msg":"/api/v1/ping","status":429,"method":"POST","path":"/api/v1/ping","query":"","ip":"::1","user-agent":"Apifox/1.0.0 (https://apifox.com)","latency":0.001483542,"time":"2024-10-21T14:36:48Z"}
{"level":"info","time":"2024-10-21T22:38:03.905+0800","caller":"middleware/logger.go:52","msg":"Logger initialized"}
{"level":"info","time":"2024-10-21T22:38:03.906+0800","caller":"middleware/session.go:12","msg":"session","secret":"your_session_secret_here"}
{"level":"info","time":"2024-10-21T22:38:03.906+0800","caller":"api/main.go:34","msg":"服务器正在启动"}
{"level":"info","time":"2024-10-21T22:38:06.348+0800","caller":"zap@v1.1.4/zap.go:117","msg":"/api/v1/ping","status":429,"method":"POST","path":"/api/v1/ping","query":"","ip":"::1","user-agent":"Apifox/1.0.0 (https://apifox.com)","latency":0.001857709,"time":"2024-10-21T14:38:06Z"}
{"level":"info","time":"2024-10-21T22:38:08.219+0800","caller":"zap@v1.1.4/zap.go:117","msg":"/api/v1/ping","status":429,"method":"POST","path":"/api/v1/ping","query":"","ip":"::1","user-agent":"Apifox/1.0.0 (https://apifox.com)","latency":0.001347833,"time":"2024-10-21T14:38:08Z"}
{"level":"info","time":"2024-10-21T22:38:09.000+0800","caller":"zap@v1.1.4/zap.go:117","msg":"/api/v1/ping","status":429,"method":"POST","path":"/api/v1/ping","query":"","ip":"::1","user-agent":"Apifox/1.0.0 (https://apifox.com)","latency":0.001287375,"time":"2024-10-21T14:38:09Z"}
{"level":"info","time":"2024-10-21T22:38:40.584+0800","caller":"zap@v1.1.4/zap.go:117","msg":"/api/v1/ping","status":429,"method":"POST","path":"/api/v1/ping","query":"","ip":"::1","user-agent":"Apifox/1.0.0 (https://apifox.com)","latency":0.0027435,"time":"2024-10-21T14:38:40Z"}
{"level":"info","time":"2024-10-21T22:39:57.464+0800","caller":"middleware/logger.go:52","msg":"Logger initialized"}
{"level":"info","time":"2024-10-21T22:39:57.465+0800","caller":"middleware/session.go:12","msg":"session","secret":"your_session_secret_here"}
{"level":"info","time":"2024-10-21T22:39:57.465+0800","caller":"api/main.go:34","msg":"服务器正在启动"}
{"level":"info","time":"2024-10-21T22:40:00.639+0800","caller":"zap@v1.1.4/zap.go:117","msg":"/api/v1/ping","status":429,"method":"POST","path":"/api/v1/ping","query":"","ip":"::1","user-agent":"Apifox/1.0.0 (https://apifox.com)","latency":0.004506084,"time":"2024-10-21T14:40:00Z"}
{"level":"info","time":"2024-10-21T22:40:59.528+0800","caller":"middleware/logger.go:52","msg":"Logger initialized"}
{"level":"info","time":"2024-10-21T22:40:59.529+0800","caller":"middleware/session.go:12","msg":"session","secret":"your_session_secret_here"}
{"level":"info","time":"2024-10-21T22:40:59.529+0800","caller":"api/main.go:34","msg":"服务器正在启动"}
{"level":"info","time":"2024-10-21T22:41:01.000+0800","caller":"zap@v1.1.4/zap.go:117","msg":"/api/v1/ping","status":429,"method":"POST","path":"/api/v1/ping","query":"","ip":"::1","user-agent":"Apifox/1.0.0 (https://apifox.com)","latency":0.002852167,"time":"2024-10-21T14:41:01Z"}
{"level":"info","time":"2024-10-21T22:41:02.207+0800","caller":"zap@v1.1.4/zap.go:117","msg":"/api/v1/ping","status":429,"method":"POST","path":"/api/v1/ping","query":"","ip":"::1","user-agent":"Apifox/1.0.0 (https://apifox.com)","latency":0.001078917,"time":"2024-10-21T14:41:02Z"}
{"level":"info","time":"2024-10-21T22:41:02.948+0800","caller":"zap@v1.1.4/zap.go:117","msg":"/api/v1/ping","status":429,"method":"POST","path":"/api/v1/ping","query":"","ip":"::1","user-agent":"Apifox/1.0.0 (https://apifox.com)","latency":0.0012455,"time":"2024-10-21T14:41:02Z"}
{"level":"info","time":"2024-10-21T22:45:09.000+0800","caller":"middleware/logger.go:52","msg":"Logger initialized"}
{"level":"info","time":"2024-10-21T22:45:09.001+0800","caller":"middleware/session.go:12","msg":"session","secret":"your_session_secret_here"}
{"level":"info","time":"2024-10-21T22:45:09.001+0800","caller":"api/main.go:34","msg":"服务器正在启动"}
{"level":"info","time":"2024-10-21T22:45:10.976+0800","caller":"zap@v1.1.4/zap.go:117","msg":"/api/v1/ping","status":429,"method":"POST","path":"/api/v1/ping","query":"","ip":"::1","user-agent":"Apifox/1.0.0 (https://apifox.com)","latency":0.002931,"time":"2024-10-21T14:45:10Z"}
{"level":"info","time":"2024-10-21T22:45:12.131+0800","caller":"zap@v1.1.4/zap.go:117","msg":"/api/v1/ping","status":429,"method":"POST","path":"/api/v1/ping","query":"","ip":"::1","user-agent":"Apifox/1.0.0 (https://apifox.com)","latency":0.001742417,"time":"2024-10-21T14:45:12Z"}
{"level":"info","time":"2024-10-21T22:45:12.866+0800","caller":"zap@v1.1.4/zap.go:117","msg":"/api/v1/ping","status":429,"method":"POST","path":"/api/v1/ping","query":"","ip":"::1","user-agent":"Apifox/1.0.0 (https://apifox.com)","latency":0.00146925,"time":"2024-10-21T14:45:12Z"}
{"level":"info","time":"2024-10-21T22:45:13.445+0800","caller":"zap@v1.1.4/zap.go:117","msg":"/api/v1/ping","status":429,"method":"POST","path":"/api/v1/ping","query":"","ip":"::1","user-agent":"Apifox/1.0.0 (https://apifox.com)","latency":0.001208875,"time":"2024-10-21T14:45:13Z"}
{"level":"info","time":"2024-10-21T22:45:13.929+0800","caller":"zap@v1.1.4/zap.go:117","msg":"/api/v1/ping","status":429,"method":"POST","path":"/api/v1/ping","query":"","ip":"::1","user-agent":"Apifox/1.0.0 (https://apifox.com)","latency":0.000829833,"time":"2024-10-21T14:45:13Z"}
{"level":"info","time":"2024-10-21T22:45:19.396+0800","caller":"zap@v1.1.4/zap.go:117","msg":"/api/v1/user/login","status":429,"method":"POST","path":"/api/v1/user/login","query":"","ip":"::1","user-agent":"Apifox/1.0.0 (https://apifox.com)","latency":0.001484917,"time":"2024-10-21T14:45:19Z"}
{"level":"info","time":"2024-10-21T22:45:35.266+0800","caller":"zap@v1.1.4/zap.go:117","msg":"/api/v1/ping","status":429,"method":"POST","path":"/api/v1/ping","query":"","ip":"::1","user-agent":"Apifox/1.0.0 (https://apifox.com)","latency":0.002498333,"time":"2024-10-21T14:45:35Z"}
{"level":"info","time":"2024-10-21T22:54:41.070+0800","caller":"middleware/logger.go:52","msg":"Logger initialized"}
{"level":"info","time":"2024-10-21T22:54:41.071+0800","caller":"middleware/session.go:12","msg":"session","secret":"your_session_secret_here"}
{"level":"info","time":"2024-10-21T22:54:41.071+0800","caller":"api/main.go:54","msg":"服务器正在启动"}
{"level":"info","time":"2024-10-21T22:54:45.004+0800","caller":"zap@v1.1.4/zap.go:117","msg":"/api/v1/ping","status":429,"method":"POST","path":"/api/v1/ping","query":"","ip":"::1","user-agent":"Apifox/1.0.0 (https://apifox.com)","latency":0.002255917,"time":"2024-10-21T14:54:45Z"}
{"level":"info","time":"2024-10-21T22:54:54.405+0800","caller":"zap@v1.1.4/zap.go:117","msg":"/api/v1/ping","status":429,"method":"POST","path":"/api/v1/ping","query":"","ip":"::1","user-agent":"Apifox/1.0.0 (https://apifox.com)","latency":0.001540709,"time":"2024-10-21T14:54:54Z"}
{"level":"info","time":"2024-10-21T22:55:45.957+0800","caller":"middleware/logger.go:52","msg":"Logger initialized"}
{"level":"info","time":"2024-10-21T22:55:45.958+0800","caller":"middleware/session.go:12","msg":"session","secret":"your_session_secret_here"}
{"level":"info","time":"2024-10-21T22:55:45.958+0800","caller":"api/main.go:54","msg":"服务器正在启动"}
{"level":"info","time":"2024-10-21T22:55:48.465+0800","caller":"zap@v1.1.4/zap.go:117","msg":"/api/v1/ping","status":429,"method":"POST","path":"/api/v1/ping","query":"","ip":"::1","user-agent":"Apifox/1.0.0 (https://apifox.com)","latency":0.002252208,"time":"2024-10-21T14:55:48Z"}
{"level":"info","time":"2024-10-21T22:55:49.640+0800","caller":"zap@v1.1.4/zap.go:117","msg":"/api/v1/ping","status":429,"method":"POST","path":"/api/v1/ping","query":"","ip":"::1","user-agent":"Apifox/1.0.0 (https://apifox.com)","latency":0.001072333,"time":"2024-10-21T14:55:49Z"}
{"level":"info","time":"2024-10-21T22:56:03.921+0800","caller":"middleware/logger.go:52","msg":"Logger initialized"}
{"level":"info","time":"2024-10-21T22:56:03.922+0800","caller":"middleware/session.go:12","msg":"session","secret":"your_session_secret_here"}
{"level":"info","time":"2024-10-21T22:56:03.922+0800","caller":"api/main.go:34","msg":"服务器正在启动"}
{"level":"info","time":"2024-10-21T22:56:07.015+0800","caller":"zap@v1.1.4/zap.go:117","msg":"/api/v1/ping","status":429,"method":"POST","path":"/api/v1/ping","query":"","ip":"::1","user-agent":"Apifox/1.0.0 (https://apifox.com)","latency":0.00140275,"time":"2024-10-21T14:56:07Z"}
{"level":"info","time":"2024-10-21T22:56:08.380+0800","caller":"zap@v1.1.4/zap.go:117","msg":"/api/v1/ping","status":429,"method":"POST","path":"/api/v1/ping","query":"","ip":"::1","user-agent":"Apifox/1.0.0 (https://apifox.com)","latency":0.001522125,"time":"2024-10-21T14:56:08Z"}
{"level":"info","time":"2024-10-21T22:56:09.861+0800","caller":"zap@v1.1.4/zap.go:117","msg":"/api/v1/ping","status":429,"method":"POST","path":"/api/v1/ping","query":"","ip":"::1","user-agent":"Apifox/1.0.0 (https://apifox.com)","latency":0.000819417,"time":"2024-10-21T14:56:09Z"}
{"level":"info","time":"2024-10-21T22:56:43.045+0800","caller":"middleware/logger.go:52","msg":"Logger initialized"}
{"level":"info","time":"2024-10-21T22:56:43.046+0800","caller":"middleware/session.go:12","msg":"session","secret":"your_session_secret_here"}
{"level":"info","time":"2024-10-21T22:56:43.046+0800","caller":"api/main.go:34","msg":"服务器正在启动"}
{"level":"info","time":"2024-10-21T22:56:45.998+0800","caller":"zap@v1.1.4/zap.go:117","msg":"/api/v1/ping","status":429,"method":"POST","path":"/api/v1/ping","query":"","ip":"::1","user-agent":"Apifox/1.0.0 (https://apifox.com)","latency":0.003230209,"time":"2024-10-21T14:56:45Z"}
{"level":"info","time":"2024-10-21T22:56:47.391+0800","caller":"zap@v1.1.4/zap.go:117","msg":"/api/v1/ping","status":429,"method":"POST","path":"/api/v1/ping","query":"","ip":"::1","user-agent":"Apifox/1.0.0 (https://apifox.com)","latency":0.000873916,"time":"2024-10-21T14:56:47Z"}
{"level":"info","time":"2024-10-21T23:00:12.361+0800","caller":"middleware/logger.go:52","msg":"Logger initialized"}
{"level":"info","time":"2024-10-21T23:00:12.362+0800","caller":"middleware/session.go:12","msg":"session","secret":"your_session_secret_here"}
{"level":"info","time":"2024-10-21T23:00:12.362+0800","caller":"api/main.go:34","msg":"服务器正在启动"}
{"level":"info","time":"2024-10-21T23:00:15.319+0800","caller":"zap@v1.1.4/zap.go:117","msg":"/api/v1/ping","status":429,"method":"POST","path":"/api/v1/ping","query":"","ip":"::1","user-agent":"Apifox/1.0.0 (https://apifox.com)","latency":0.001965375,"time":"2024-10-21T15:00:15Z"}
{"level":"info","time":"2024-10-21T23:02:33.182+0800","caller":"middleware/logger.go:52","msg":"Logger initialized"}
{"level":"info","time":"2024-10-21T23:02:33.183+0800","caller":"middleware/session.go:12","msg":"session","secret":"your_session_secret_here"}
{"level":"info","time":"2024-10-21T23:02:33.183+0800","caller":"api/main.go:34","msg":"服务器正在启动"}
{"level":"info","time":"2024-10-21T23:02:35.112+0800","caller":"zap@v1.1.4/zap.go:117","msg":"/api/v1/ping","status":429,"method":"POST","path":"/api/v1/ping","query":"","ip":"::1","user-agent":"Apifox/1.0.0 (https://apifox.com)","latency":0.002267917,"time":"2024-10-21T15:02:35Z"}
{"level":"info","time":"2024-10-21T23:02:37.977+0800","caller":"zap@v1.1.4/zap.go:117","msg":"/api/v1/ping","status":429,"method":"POST","path":"/api/v1/ping","query":"","ip":"::1","user-agent":"Apifox/1.0.0 (https://apifox.com)","latency":0.001276041,"time":"2024-10-21T15:02:37Z"}
{"level":"info","time":"2024-10-21T23:10:12.016+0800","caller":"middleware/logger.go:52","msg":"Logger initialized"}
{"level":"info","time":"2024-10-21T23:10:12.017+0800","caller":"middleware/session.go:12","msg":"session","secret":"your_session_secret_here"}
{"level":"info","time":"2024-10-21T23:10:12.017+0800","caller":"api/main.go:34","msg":"服务器正在启动"}
{"level":"info","time":"2024-10-21T23:10:15.040+0800","caller":"zap@v1.1.4/zap.go:117","msg":"/api/v1/ping","status":429,"method":"POST","path":"/api/v1/ping","query":"","ip":"::1","user-agent":"Apifox/1.0.0 (https://apifox.com)","latency":0.003970625,"time":"2024-10-21T15:10:15Z"}
{"level":"info","time":"2024-10-21T23:11:14.201+0800","caller":"middleware/logger.go:52","msg":"Logger initialized"}
{"level":"info","time":"2024-10-21T23:11:14.203+0800","caller":"middleware/session.go:12","msg":"session","secret":"your_session_secret_here"}
{"level":"info","time":"2024-10-21T23:11:14.203+0800","caller":"api/main.go:34","msg":"服务器正在启动"}
{"level":"info","time":"2024-10-21T23:11:17.836+0800","caller":"zap@v1.1.4/zap.go:117","msg":"/api/v1/ping","status":429,"method":"POST","path":"/api/v1/ping","query":"","ip":"::1","user-agent":"Apifox/1.0.0 (https://apifox.com)","latency":0.003049583,"time":"2024-10-21T15:11:17Z"}
{"level":"info","time":"2024-10-21T23:11:34.660+0800","caller":"zap@v1.1.4/zap.go:117","msg":"/api/v1/ping","status":429,"method":"POST","path":"/api/v1/ping","query":"","ip":"::1","user-agent":"Apifox/1.0.0 (https://apifox.com)","latency":0.001786667,"time":"2024-10-21T15:11:34Z"}
{"level":"info","time":"2024-10-21T23:14:22.059+0800","caller":"middleware/logger.go:52","msg":"Logger initialized"}
{"level":"info","time":"2024-10-21T23:14:22.060+0800","caller":"middleware/session.go:12","msg":"session","secret":"your_session_secret_here"}
{"level":"info","time":"2024-10-21T23:14:22.060+0800","caller":"api/main.go:34","msg":"服务器正在启动"}
{"level":"info","time":"2024-10-21T23:14:23.741+0800","caller":"zap@v1.1.4/zap.go:117","msg":"/api/v1/ping","status":429,"method":"POST","path":"/api/v1/ping","query":"","ip":"::1","user-agent":"Apifox/1.0.0 (https://apifox.com)","latency":0.003192542,"time":"2024-10-21T15:14:23Z"}
{"level":"info","time":"2024-10-21T23:14:28.304+0800","caller":"zap@v1.1.4/zap.go:117","msg":"/api/v1/ping","status":429,"method":"POST","path":"/api/v1/ping","query":"","ip":"::1","user-agent":"Apifox/1.0.0 (https://apifox.com)","latency":0.000686833,"time":"2024-10-21T15:14:28Z"}
{"level":"info","time":"2024-10-21T23:14:48.041+0800","caller":"middleware/logger.go:52","msg":"Logger initialized"}
{"level":"info","time":"2024-10-21T23:14:48.042+0800","caller":"middleware/session.go:12","msg":"session","secret":"your_session_secret_here"}
{"level":"info","time":"2024-10-21T23:14:48.042+0800","caller":"api/main.go:34","msg":"服务器正在启动"}
{"level":"info","time":"2024-10-21T23:14:50.539+0800","caller":"zap@v1.1.4/zap.go:117","msg":"/api/v1/ping","status":429,"method":"POST","path":"/api/v1/ping","query":"","ip":"::1","user-agent":"Apifox/1.0.0 (https://apifox.com)","latency":0.002652334,"time":"2024-10-21T15:14:50Z"}
{"level":"info","time":"2024-10-21T23:14:51.736+0800","caller":"zap@v1.1.4/zap.go:117","msg":"/api/v1/ping","status":429,"method":"POST","path":"/api/v1/ping","query":"","ip":"::1","user-agent":"Apifox/1.0.0 (https://apifox.com)","latency":0.000875584,"time":"2024-10-21T15:14:51Z"}
{"level":"info","time":"2024-10-21T23:15:37.958+0800","caller":"middleware/logger.go:52","msg":"Logger initialized"}
{"level":"info","time":"2024-10-21T23:15:37.959+0800","caller":"middleware/session.go:12","msg":"session","secret":"your_session_secret_here"}
{"level":"info","time":"2024-10-21T23:15:37.959+0800","caller":"api/main.go:34","msg":"服务器正在启动"}
{"level":"info","time":"2024-10-21T23:15:41.269+0800","caller":"zap@v1.1.4/zap.go:117","msg":"/api/v1/ping","status":429,"method":"POST","path":"/api/v1/ping","query":"","ip":"::1","user-agent":"Apifox/1.0.0 (https://apifox.com)","latency":0.001684666,"time":"2024-10-21T15:15:41Z"}
{"level":"info","time":"2024-10-21T23:15:42.518+0800","caller":"zap@v1.1.4/zap.go:117","msg":"/api/v1/ping","status":429,"method":"POST","path":"/api/v1/ping","query":"","ip":"::1","user-agent":"Apifox/1.0.0 (https://apifox.com)","latency":0.000801041,"time":"2024-10-21T15:15:42Z"}
{"level":"info","time":"2024-10-21T23:17:57.049+0800","caller":"middleware/logger.go:52","msg":"Logger initialized"}
{"level":"info","time":"2024-10-21T23:17:57.050+0800","caller":"middleware/session.go:12","msg":"session","secret":"your_session_secret_here"}
{"level":"info","time":"2024-10-21T23:17:57.050+0800","caller":"api/main.go:34","msg":"服务器正在启动"}
{"level":"info","time":"2024-10-21T23:18:02.084+0800","caller":"zap@v1.1.4/zap.go:117","msg":"/api/v1/ping","status":429,"method":"POST","path":"/api/v1/ping","query":"","ip":"::1","user-agent":"Apifox/1.0.0 (https://apifox.com)","latency":0.002487625,"time":"2024-10-21T15:18:02Z"}
{"level":"info","time":"2024-10-21T23:20:06.291+0800","caller":"middleware/logger.go:52","msg":"Logger initialized"}
{"level":"info","time":"2024-10-21T23:20:06.292+0800","caller":"middleware/session.go:12","msg":"session","secret":"your_session_secret_here"}
{"level":"info","time":"2024-10-21T23:20:06.292+0800","caller":"api/main.go:34","msg":"服务器正在启动"}
{"level":"info","time":"2024-10-21T23:20:09.609+0800","caller":"zap@v1.1.4/zap.go:117","msg":"/api/v1/ping","status":429,"method":"POST","path":"/api/v1/ping","query":"","ip":"::1","user-agent":"Apifox/1.0.0 (https://apifox.com)","latency":0.002966708,"time":"2024-10-21T15:20:09Z"}
{"level":"info","time":"2024-10-21T23:20:10.611+0800","caller":"zap@v1.1.4/zap.go:117","msg":"/api/v1/ping","status":429,"method":"POST","path":"/api/v1/ping","query":"","ip":"::1","user-agent":"Apifox/1.0.0 (https://apifox.com)","latency":0.000864959,"time":"2024-10-21T15:20:10Z"}
{"level":"info","time":"2024-10-21T23:26:14.494+0800","caller":"middleware/logger.go:52","msg":"Logger initialized"}
{"level":"info","time":"2024-10-21T23:26:14.495+0800","caller":"middleware/session.go:12","msg":"session","secret":"your_session_secret_here"}
{"level":"info","time":"2024-10-21T23:26:14.495+0800","caller":"api/main.go:34","msg":"服务器正在启动"}
{"level":"info","time":"2024-10-21T23:26:18.107+0800","caller":"zap@v1.1.4/zap.go:117","msg":"/api/v1/ping","status":200,"method":"POST","path":"/api/v1/ping","query":"","ip":"::1","user-agent":"Apifox/1.0.0 (https://apifox.com)","latency":0.008371583,"time":"2024-10-21T15:26:18Z"}
{"level":"info","time":"2024-10-21T23:26:20.729+0800","caller":"zap@v1.1.4/zap.go:117","msg":"/api/v1/ping","status":200,"method":"POST","path":"/api/v1/ping","query":"","ip":"::1","user-agent":"Apifox/1.0.0 (https://apifox.com)","latency":0.005853708,"time":"2024-10-21T15:26:20Z"}
{"level":"info","time":"2024-10-21T23:26:26.892+0800","caller":"zap@v1.1.4/zap.go:117","msg":"/api/v1/ping","status":200,"method":"POST","path":"/api/v1/ping","query":"","ip":"::1","user-agent":"Apifox/1.0.0 (https://apifox.com)","latency":0.00346075,"time":"2024-10-21T15:26:26Z"}
{"level":"info","time":"2024-10-21T23:26:27.570+0800","caller":"zap@v1.1.4/zap.go:117","msg":"/api/v1/ping","status":200,"method":"POST","path":"/api/v1/ping","query":"","ip":"::1","user-agent":"Apifox/1.0.0 (https://apifox.com)","latency":0.003694958,"time":"2024-10-21T15:26:27Z"}
{"level":"info","time":"2024-10-21T23:26:28.222+0800","caller":"zap@v1.1.4/zap.go:117","msg":"/api/v1/ping","status":200,"method":"POST","path":"/api/v1/ping","query":"","ip":"::1","user-agent":"Apifox/1.0.0 (https://apifox.com)","latency":0.004218417,"time":"2024-10-21T15:26:28Z"}
{"level":"info","time":"2024-10-21T23:26:28.787+0800","caller":"zap@v1.1.4/zap.go:117","msg":"/api/v1/ping","status":200,"method":"POST","path":"/api/v1/ping","query":"","ip":"::1","user-agent":"Apifox/1.0.0 (https://apifox.com)","latency":0.002881042,"time":"2024-10-21T15:26:28Z"}
{"level":"info","time":"2024-10-21T23:26:29.289+0800","caller":"zap@v1.1.4/zap.go:117","msg":"/api/v1/ping","status":200,"method":"POST","path":"/api/v1/ping","query":"","ip":"::1","user-agent":"Apifox/1.0.0 (https://apifox.com)","latency":0.003503458,"time":"2024-10-21T15:26:29Z"}
{"level":"info","time":"2024-10-21T23:26:29.792+0800","caller":"zap@v1.1.4/zap.go:117","msg":"/api/v1/ping","status":200,"method":"POST","path":"/api/v1/ping","query":"","ip":"::1","user-agent":"Apifox/1.0.0 (https://apifox.com)","latency":0.003276708,"time":"2024-10-21T15:26:29Z"}
{"level":"info","time":"2024-10-21T23:26:30.795+0800","caller":"zap@v1.1.4/zap.go:117","msg":"/api/v1/ping","status":200,"method":"POST","path":"/api/v1/ping","query":"","ip":"::1","user-agent":"Apifox/1.0.0 (https://apifox.com)","latency":0.001923959,"time":"2024-10-21T15:26:30Z"}
{"level":"info","time":"2024-10-21T23:26:31.451+0800","caller":"zap@v1.1.4/zap.go:117","msg":"/api/v1/ping","status":200,"method":"POST","path":"/api/v1/ping","query":"","ip":"::1","user-agent":"Apifox/1.0.0 (https://apifox.com)","latency":0.001901667,"time":"2024-10-21T15:26:31Z"}
{"level":"warn","time":"2024-10-21T23:26:32.491+0800","caller":"middleware/rate_limiter.go:108","msg":"Rate limit exceeded","key":"ip:::1"}
{"level":"info","time":"2024-10-21T23:26:32.492+0800","caller":"zap@v1.1.4/zap.go:117","msg":"/api/v1/ping","status":429,"method":"POST","path":"/api/v1/ping","query":"","ip":"::1","user-agent":"Apifox/1.0.0 (https://apifox.com)","latency":0.001076209,"time":"2024-10-21T15:26:32Z"}
{"level":"warn","time":"2024-10-21T23:26:36.975+0800","caller":"middleware/rate_limiter.go:108","msg":"Rate limit exceeded","key":"ip:::1"}
{"level":"info","time":"2024-10-21T23:26:36.975+0800","caller":"zap@v1.1.4/zap.go:117","msg":"/api/v1/ping","status":429,"method":"POST","path":"/api/v1/ping","query":"","ip":"::1","user-agent":"Apifox/1.0.0 (https://apifox.com)","latency":0.001972333,"time":"2024-10-21T15:26:36Z"}
{"level":"warn","time":"2024-10-21T23:26:37.699+0800","caller":"middleware/rate_limiter.go:108","msg":"Rate limit exceeded","key":"ip:::1"}
{"level":"info","time":"2024-10-21T23:26:37.699+0800","caller":"zap@v1.1.4/zap.go:117","msg":"/api/v1/ping","status":429,"method":"POST","path":"/api/v1/ping","query":"","ip":"::1","user-agent":"Apifox/1.0.0 (https://apifox.com)","latency":0.001895041,"time":"2024-10-21T15:26:37Z"}
{"level":"warn","time":"2024-10-21T23:26:38.402+0800","caller":"middleware/rate_limiter.go:108","msg":"Rate limit exceeded","key":"ip:::1"}
{"level":"info","time":"2024-10-21T23:26:38.402+0800","caller":"zap@v1.1.4/zap.go:117","msg":"/api/v1/ping","status":429,"method":"POST","path":"/api/v1/ping","query":"","ip":"::1","user-agent":"Apifox/1.0.0 (https://apifox.com)","latency":0.001209959,"time":"2024-10-21T15:26:38Z"}
{"level":"warn","time":"2024-10-21T23:26:39.086+0800","caller":"middleware/rate_limiter.go:108","msg":"Rate limit exceeded","key":"ip:::1"}
{"level":"info","time":"2024-10-21T23:26:39.086+0800","caller":"zap@v1.1.4/zap.go:117","msg":"/api/v1/ping","status":429,"method":"POST","path":"/api/v1/ping","query":"","ip":"::1","user-agent":"Apifox/1.0.0 (https://apifox.com)","latency":0.001130833,"time":"2024-10-21T15:26:39Z"}
{"level":"warn","time":"2024-10-21T23:27:27.393+0800","caller":"middleware/rate_limiter.go:108","msg":"Rate limit exceeded","key":"ip:::1"}
{"level":"info","time":"2024-10-21T23:27:27.394+0800","caller":"zap@v1.1.4/zap.go:117","msg":"/api/v1/ping","status":429,"method":"POST","path":"/api/v1/ping","query":"","ip":"::1","user-agent":"Apifox/1.0.0 (https://apifox.com)","latency":0.004138959,"time":"2024-10-21T15:27:27Z"}
{"level":"info","time":"2024-10-21T23:30:28.138+0800","caller":"middleware/logger.go:52","msg":"Logger initialized"}
{"level":"info","time":"2024-10-21T23:30:28.139+0800","caller":"middleware/session.go:12","msg":"session","secret":"your_session_secret_here"}
{"level":"info","time":"2024-10-21T23:30:28.139+0800","caller":"api/main.go:34","msg":"服务器正在启动"}
{"level":"warn","time":"2024-10-21T23:30:31.385+0800","caller":"middleware/rate_limiter.go:110","msg":"Rate limit exceeded","key":"ip:::1"}
{"level":"info","time":"2024-10-21T23:30:31.386+0800","caller":"zap@v1.1.4/zap.go:117","msg":"/api/v1/ping","status":429,"method":"POST","path":"/api/v1/ping","query":"","ip":"::1","user-agent":"Apifox/1.0.0 (https://apifox.com)","latency":0.002357958,"time":"2024-10-21T15:30:31Z"}
{"level":"info","time":"2024-10-21T23:31:19.476+0800","caller":"middleware/logger.go:52","msg":"Logger initialized"}
{"level":"info","time":"2024-10-21T23:31:19.477+0800","caller":"middleware/session.go:12","msg":"session","secret":"your_session_secret_here"}
{"level":"info","time":"2024-10-21T23:31:19.477+0800","caller":"api/main.go:34","msg":"服务器正在启动"}
{"level":"info","time":"2024-10-21T23:31:21.918+0800","caller":"zap@v1.1.4/zap.go:117","msg":"/api/v1/ping","status":200,"method":"POST","path":"/api/v1/ping","query":"","ip":"::1","user-agent":"Apifox/1.0.0 (https://apifox.com)","latency":0.016486625,"time":"2024-10-21T15:31:21Z"}
{"level":"info","time":"2024-10-21T23:31:31.678+0800","caller":"zap@v1.1.4/zap.go:117","msg":"/api/v1/ping","status":200,"method":"POST","path":"/api/v1/ping","query":"","ip":"::1","user-agent":"Apifox/1.0.0 (https://apifox.com)","latency":0.004058917,"time":"2024-10-21T15:31:31Z"}
{"level":"info","time":"2024-10-21T23:31:32.609+0800","caller":"zap@v1.1.4/zap.go:117","msg":"/api/v1/ping","status":200,"method":"POST","path":"/api/v1/ping","query":"","ip":"::1","user-agent":"Apifox/1.0.0 (https://apifox.com)","latency":0.003533375,"time":"2024-10-21T15:31:32Z"}
{"level":"info","time":"2024-10-21T23:31:33.369+0800","caller":"zap@v1.1.4/zap.go:117","msg":"/api/v1/ping","status":200,"method":"POST","path":"/api/v1/ping","query":"","ip":"::1","user-agent":"Apifox/1.0.0 (https://apifox.com)","latency":0.002532708,"time":"2024-10-21T15:31:33Z"}
{"level":"info","time":"2024-10-21T23:31:33.991+0800","caller":"zap@v1.1.4/zap.go:117","msg":"/api/v1/ping","status":200,"method":"POST","path":"/api/v1/ping","query":"","ip":"::1","user-agent":"Apifox/1.0.0 (https://apifox.com)","latency":0.002949791,"time":"2024-10-21T15:31:33Z"}
{"level":"info","time":"2024-10-21T23:31:34.498+0800","caller":"zap@v1.1.4/zap.go:117","msg":"/api/v1/ping","status":200,"method":"POST","path":"/api/v1/ping","query":"","ip":"::1","user-agent":"Apifox/1.0.0 (https://apifox.com)","latency":0.002458833,"time":"2024-10-21T15:31:34Z"}
{"level":"info","time":"2024-10-21T23:31:34.875+0800","caller":"zap@v1.1.4/zap.go:117","msg":"/api/v1/ping","status":200,"method":"POST","path":"/api/v1/ping","query":"","ip":"::1","user-agent":"Apifox/1.0.0 (https://apifox.com)","latency":0.003353958,"time":"2024-10-21T15:31:34Z"}
{"level":"info","time":"2024-10-21T23:32:08.914+0800","caller":"zap@v1.1.4/zap.go:117","msg":"/api/v1/ping","status":200,"method":"POST","path":"/api/v1/ping","query":"","ip":"::1","user-agent":"Apifox/1.0.0 (https://apifox.com)","latency":0.004233,"time":"2024-10-21T15:32:08Z"}
{"level":"info","time":"2024-10-21T23:32:15.245+0800","caller":"zap@v1.1.4/zap.go:117","msg":"/api/v1/ping","status":200,"method":"POST","path":"/api/v1/ping","query":"","ip":"::1","user-agent":"Apifox/1.0.0 (https://apifox.com)","latency":0.002232333,"time":"2024-10-21T15:32:15Z"}
{"level":"info","time":"2024-10-21T23:32:16.093+0800","caller":"zap@v1.1.4/zap.go:117","msg":"/api/v1/ping","status":200,"method":"POST","path":"/api/v1/ping","query":"","ip":"::1","user-agent":"Apifox/1.0.0 (https://apifox.com)","latency":0.001367041,"time":"2024-10-21T15:32:16Z"}
{"level":"info","time":"2024-10-21T23:32:16.963+0800","caller":"zap@v1.1.4/zap.go:117","msg":"/api/v1/ping","status":200,"method":"POST","path":"/api/v1/ping","query":"","ip":"::1","user-agent":"Apifox/1.0.0 (https://apifox.com)","latency":0.000662708,"time":"2024-10-21T15:32:16Z"}
{"level":"info","time":"2024-10-21T23:50:42.595+0800","caller":"middleware/logger.go:52","msg":"Logger initialized"}
{"level":"info","time":"2024-10-21T23:50:42.596+0800","caller":"middleware/session.go:12","msg":"session","secret":"your_session_secret_here"}
{"level":"info","time":"2024-10-21T23:50:42.596+0800","caller":"api/main.go:34","msg":"服务器正在启动"}
{"level":"info","time":"2024-10-21T23:54:35.183+0800","caller":"middleware/logger.go:52","msg":"Logger initialized"}
{"level":"info","time":"2024-10-21T23:54:35.184+0800","caller":"middleware/session.go:12","msg":"session","secret":"your_session_secret_here"}
{"level":"info","time":"2024-10-21T23:54:35.184+0800","caller":"api/main.go:34","msg":"服务器正在启动"}
{"level":"info","time":"2024-10-21T23:58:42.743+0800","caller":"middleware/logger.go:52","msg":"Logger initialized"}
{"level":"info","time":"2024-10-21T23:58:42.744+0800","caller":"middleware/session.go:12","msg":"session","secret":"your_session_secret_here"}
{"level":"info","time":"2024-10-21T23:58:42.744+0800","caller":"api/main.go:34","msg":"服务器正在启动"}
{"level":"info","time":"2024-10-22T00:00:45.392+0800","caller":"middleware/logger.go:52","msg":"Logger initialized"}
{"level":"info","time":"2024-10-22T00:00:45.395+0800","caller":"middleware/session.go:12","msg":"session","secret":"your_session_secret_here"}
{"level":"info","time":"2024-10-22T00:00:45.395+0800","caller":"api/main.go:34","msg":"服务器正在启动"}
{"level":"info","time":"2024-10-22T00:06:19.455+0800","caller":"middleware/logger.go:52","msg":"Logger initialized"}
{"level":"info","time":"2024-10-22T00:06:19.481+0800","caller":"middleware/logger.go:52","msg":"Logger initialized"}
{"level":"info","time":"2024-10-22T00:06:19.481+0800","caller":"middleware/session.go:12","msg":"session","secret":"your_session_secret_here"}
{"level":"info","time":"2024-10-22T00:06:19.481+0800","caller":"api/main.go:34","msg":"服务器正在启动"}
{"level":"info","time":"2024-10-22T00:06:26.977+0800","caller":"middleware/logger.go:52","msg":"Logger initialized"}
{"level":"info","time":"2024-10-22T00:06:26.990+0800","caller":"middleware/logger.go:52","msg":"Logger initialized"}
{"level":"info","time":"2024-10-22T00:06:26.990+0800","caller":"middleware/session.go:12","msg":"session","secret":"your_session_secret_here"}
{"level":"info","time":"2024-10-22T00:06:26.991+0800","caller":"api/main.go:34","msg":"服务器正在启动"}
{"level":"info","time":"2024-10-22T00:07:02.302+0800","caller":"middleware/logger.go:52","msg":"Logger initialized"}
{"level":"info","time":"2024-10-22T00:07:02.319+0800","caller":"middleware/session.go:12","msg":"session","secret":"your_session_secret_here"}
{"level":"info","time":"2024-10-22T00:07:02.319+0800","caller":"api/main.go:34","msg":"服务器正在启动"}
